TN:
SF:src/schemas/zod.schema.ts
FNF:0
FNH:0
DA:1,1
DA:2,1
DA:3,1
DA:4,1
DA:5,1
DA:6,1
DA:7,1
DA:8,1
DA:9,1
DA:10,1
DA:11,1
DA:12,1
DA:13,1
DA:14,1
DA:15,1
DA:16,1
DA:17,1
DA:18,1
DA:19,1
DA:20,1
DA:21,1
DA:22,1
DA:23,1
DA:24,1
DA:25,1
DA:26,1
DA:27,1
DA:28,1
DA:29,1
DA:30,1
DA:31,1
DA:32,1
DA:33,1
DA:34,1
DA:35,1
DA:36,1
DA:37,1
DA:38,1
DA:39,1
DA:40,1
DA:41,1
DA:42,1
DA:43,1
DA:44,1
DA:45,1
DA:46,1
DA:47,1
DA:48,1
DA:49,1
LF:49
LH:49
BRF:0
BRH:0
end_of_record
TN:
SF:src/services/orders.service.ts
FN:7,OrdersService
FN:12,loadOrders
FN:29,loadBRLOrders
FN:47,getPedidos
FN:61,getAllValidOrders
FN:90,getAllInvalidOrders
FN:104,getRelatorios
FNF:7
FNH:7
FNDA:25,OrdersService
FNDA:11,loadOrders
FNDA:7,loadBRLOrders
FNDA:2,getPedidos
FNDA:5,getAllValidOrders
FNDA:3,getAllInvalidOrders
FNDA:7,getRelatorios
DA:1,1
DA:2,1
DA:3,1
DA:4,1
DA:5,1
DA:6,1
DA:7,25
DA:8,25
DA:9,25
DA:10,25
DA:11,25
DA:12,25
DA:13,11
DA:14,11
DA:15,8
DA:16,11
DA:17,1
DA:18,1
DA:19,7
DA:20,7
DA:21,11
DA:22,5
DA:23,1
DA:24,1
DA:25,4
DA:26,4
DA:27,11
DA:28,25
DA:29,25
DA:30,7
DA:31,7
DA:32,6
DA:33,7
DA:34,1
DA:35,1
DA:36,1
DA:37,1
DA:38,1
DA:39,1
DA:40,6
DA:41,6
DA:42,7
DA:43,2
DA:44,2
DA:45,7
DA:46,25
DA:47,25
DA:48,2
DA:49,2
DA:50,2
DA:51,1
DA:52,1
DA:53,1
DA:54,1
DA:55,1
DA:56,1
DA:57,2
DA:58,2
DA:59,2
DA:60,25
DA:61,25
DA:62,5
DA:63,5
DA:64,3
DA:65,3
DA:66,5
DA:67,6
DA:68,6
DA:69,6
DA:70,2
DA:71,1
DA:72,1
DA:73,1
DA:74,1
DA:75,2
DA:76,2
DA:77,2
DA:78,4
DA:79,4
DA:80,4
DA:81,3
DA:82,3
DA:83,3
DA:84,3
DA:85,5
DA:86,2
DA:87,2
DA:88,5
DA:89,25
DA:90,25
DA:91,3
DA:92,2
DA:93,2
DA:94,3
DA:95,4
DA:96,4
DA:97,2
DA:98,2
DA:99,4
DA:100,2
DA:101,2
DA:102,2
DA:103,25
DA:104,25
DA:105,7
DA:106,6
DA:107,6
DA:108,7
DA:109,7
DA:110,7
DA:111,7
DA:112,7
DA:113,7
DA:114,7
DA:115,7
DA:116,7
DA:117,7
DA:118,7
DA:119,7
DA:120,7
DA:121,7
DA:122,7
DA:123,5
DA:124,7
DA:125,2
DA:126,2
DA:127,5
DA:128,5
DA:129,5
DA:130,7
DA:131,7
DA:132,7
DA:133,7
DA:134,7
DA:135,7
DA:136,7
DA:137,7
DA:138,7
DA:139,25
DA:140,1
DA:141,1
DA:142,1
LF:142
LH:142
BRDA:7,0,0,25
BRDA:12,1,0,11
BRDA:15,2,0,8
BRDA:16,3,0,1
BRDA:19,4,0,7
BRDA:21,5,0,5
BRDA:22,6,0,1
BRDA:25,7,0,4
BRDA:29,8,0,7
BRDA:32,9,0,6
BRDA:33,10,0,1
BRDA:40,11,0,6
BRDA:42,12,0,2
BRDA:47,13,0,2
BRDA:50,14,0,1
BRDA:61,15,0,5
BRDA:64,16,0,3
BRDA:66,17,0,6
BRDA:69,18,0,2
BRDA:78,19,0,4
BRDA:81,20,0,3
BRDA:85,21,0,2
BRDA:70,22,0,1
BRDA:90,23,0,3
BRDA:92,24,0,2
BRDA:94,25,0,4
BRDA:96,26,0,2
BRDA:100,27,0,2
BRDA:104,28,0,7
BRDA:106,29,0,6
BRDA:108,30,0,1
BRDA:108,31,0,5
BRDA:123,32,0,5
BRDA:124,33,0,2
BRDA:127,34,0,5
BRDA:130,35,0,2
BRDA:130,36,0,3
BRDA:111,37,0,7
BRDA:115,38,0,10
BRF:39
BRH:39
end_of_record
TN:
SF:src/util/error.util.ts
FN:4,HttpError
FNF:1
FNH:1
FNDA:12,HttpError
DA:1,1
DA:2,1
DA:3,1
DA:4,1
DA:5,12
DA:6,12
DA:7,12
DA:8,1
LF:8
LH:8
BRDA:4,0,0,12
BRF:1
BRH:1
end_of_record
TN:
SF:test/mocks/order.service.mock.ts
FNF:0
FNH:0
DA:1,1
DA:2,1
DA:3,1
DA:4,1
DA:5,1
DA:6,1
DA:7,1
DA:8,1
DA:9,1
DA:10,1
DA:11,1
DA:12,1
DA:13,1
DA:14,1
DA:15,1
DA:16,1
DA:17,1
DA:18,1
DA:19,1
DA:20,1
DA:21,1
DA:22,1
DA:23,1
DA:24,1
DA:25,1
DA:26,1
DA:27,1
DA:28,1
DA:29,1
DA:30,1
DA:31,1
DA:32,1
DA:33,1
DA:34,1
DA:35,1
DA:36,1
DA:37,1
DA:38,1
DA:39,1
DA:40,1
DA:41,1
DA:42,1
DA:43,1
DA:44,1
DA:45,1
DA:46,1
DA:47,1
DA:48,1
DA:49,1
DA:50,1
DA:51,1
DA:52,1
DA:53,1
DA:54,1
DA:55,1
DA:56,1
LF:56
LH:56
BRF:0
BRH:0
end_of_record
TN:
SF:test/mocks/order.zod.mock.ts
FNF:0
FNH:0
DA:1,1
DA:2,1
DA:3,1
DA:4,1
DA:5,1
DA:6,1
DA:7,1
DA:8,1
DA:9,1
DA:10,1
DA:11,1
DA:12,1
DA:13,1
DA:14,1
DA:15,1
DA:16,1
DA:17,1
DA:18,1
DA:19,1
DA:20,1
DA:21,1
DA:22,1
DA:23,1
DA:24,1
DA:25,1
DA:26,1
DA:27,1
DA:28,1
DA:29,1
DA:30,1
DA:31,1
DA:32,1
DA:33,1
DA:34,1
DA:35,1
DA:36,1
DA:37,1
DA:38,1
DA:39,1
DA:40,1
DA:41,1
DA:42,1
DA:43,1
DA:44,1
DA:45,1
DA:46,1
DA:47,1
DA:48,1
DA:49,1
DA:50,1
DA:51,1
DA:52,1
DA:53,1
DA:54,1
DA:55,1
DA:56,1
DA:57,1
DA:58,1
DA:59,1
DA:60,1
DA:61,1
DA:62,1
DA:63,1
DA:64,1
DA:65,1
LF:65
LH:65
BRF:0
BRH:0
end_of_record
