TN:
SF:src/schemas/zod.schema.ts
FNF:0
FNH:0
DA:1,1
DA:2,1
DA:3,1
DA:4,1
DA:5,1
DA:6,1
DA:7,1
DA:8,1
DA:9,1
DA:10,1
DA:11,1
DA:12,1
DA:13,1
DA:14,1
DA:15,1
DA:16,1
DA:17,1
DA:18,1
DA:19,1
DA:20,1
DA:21,1
DA:22,1
DA:23,1
DA:24,1
DA:25,1
DA:26,1
DA:27,1
DA:28,1
DA:29,1
DA:30,1
DA:31,1
DA:32,1
DA:33,1
DA:34,1
DA:35,1
DA:36,1
DA:37,1
DA:38,1
DA:39,1
DA:40,1
DA:41,1
DA:42,1
DA:43,1
DA:44,1
DA:45,1
DA:46,1
DA:47,1
DA:48,1
DA:49,1
LF:49
LH:49
BRF:0
BRH:0
end_of_record
TN:
SF:src/services/orders.service.ts
FN:6,OrdersService
FN:11,loadOrders
FN:16,loadBRLOrders
FN:21,getPedidos
FN:38,getAllValidOrders
FN:66,getAllInvalidOrders
FN:83,getRelatorios
FNF:7
FNH:7
FNDA:21,OrdersService
FNDA:9,loadOrders
FNDA:6,loadBRLOrders
FNDA:2,getPedidos
FNDA:5,getAllValidOrders
FNDA:2,getAllInvalidOrders
FNDA:6,getRelatorios
DA:1,1
DA:2,1
DA:3,1
DA:4,1
DA:5,1
DA:6,21
DA:7,21
DA:8,21
DA:9,21
DA:10,21
DA:11,21
DA:12,9
DA:13,7
DA:14,7
DA:15,21
DA:16,21
DA:17,6
DA:18,6
DA:19,6
DA:20,21
DA:21,21
DA:22,2
DA:23,2
DA:24,2
DA:25,1
DA:26,1
DA:27,1
DA:28,1
DA:29,1
DA:30,1
DA:31,2
DA:32,2
DA:33,2
DA:34,2
DA:35,2
DA:36,2
DA:37,21
DA:38,21
DA:39,5
DA:40,3
DA:41,3
DA:42,5
DA:43,6
DA:44,6
DA:45,6
DA:46,2
DA:47,1
DA:48,1
DA:49,1
DA:50,1
DA:51,2
DA:52,2
DA:53,2
DA:54,4
DA:55,4
DA:56,4
DA:57,3
DA:58,3
DA:59,3
DA:60,3
DA:61,3
DA:62,3
DA:63,3
DA:64,3
DA:65,21
DA:66,21
DA:67,2
DA:68,2
DA:69,2
DA:70,2
DA:71,4
DA:72,4
DA:73,2
DA:74,2
DA:75,4
DA:76,2
DA:77,2
DA:78,2
DA:79,2
DA:80,2
DA:81,2
DA:82,21
DA:83,21
DA:84,6
DA:85,6
DA:86,6
DA:87,6
DA:88,6
DA:89,6
DA:90,6
DA:91,6
DA:92,6
DA:93,6
DA:94,6
DA:95,6
DA:96,6
DA:97,6
DA:98,6
DA:99,6
DA:100,6
DA:101,6
DA:102,6
DA:103,6
DA:104,5
DA:105,6
DA:106,2
DA:107,2
DA:108,5
DA:109,5
DA:110,5
DA:111,6
DA:112,6
DA:113,6
DA:114,6
DA:115,6
DA:116,6
DA:117,6
DA:118,6
DA:119,6
DA:120,6
DA:121,6
DA:122,6
DA:123,21
DA:124,1
DA:125,1
DA:126,1
LF:126
LH:126
BRDA:6,0,0,21
BRDA:11,1,0,9
BRDA:13,2,0,7
BRDA:16,3,0,6
BRDA:18,4,0,3
BRDA:18,5,0,3
BRDA:21,6,0,2
BRDA:24,7,0,1
BRDA:38,8,0,5
BRDA:40,9,0,3
BRDA:42,10,0,6
BRDA:45,11,0,2
BRDA:54,12,0,4
BRDA:57,13,0,3
BRDA:46,14,0,1
BRDA:66,15,0,2
BRDA:70,16,0,4
BRDA:72,17,0,2
BRDA:83,18,0,6
BRDA:87,19,0,1
BRDA:87,20,0,5
BRDA:104,21,0,5
BRDA:105,22,0,2
BRDA:108,23,0,5
BRDA:111,24,0,2
BRDA:111,25,0,3
BRDA:90,26,0,7
BRDA:95,27,0,10
BRF:28
BRH:28
end_of_record
TN:
SF:test/mocks/order.service.mock.ts
FNF:0
FNH:0
DA:1,1
DA:2,1
DA:3,1
DA:4,1
DA:5,1
DA:6,1
DA:7,1
DA:8,1
DA:9,1
DA:10,1
DA:11,1
DA:12,1
DA:13,1
DA:14,1
DA:15,1
DA:16,1
DA:17,1
DA:18,1
DA:19,1
DA:20,1
DA:21,1
DA:22,1
DA:23,1
DA:24,1
DA:25,1
DA:26,1
DA:27,1
DA:28,1
DA:29,1
DA:30,1
DA:31,1
DA:32,1
DA:33,1
DA:34,1
DA:35,1
DA:36,1
DA:37,1
DA:38,1
DA:39,1
DA:40,1
DA:41,1
DA:42,1
DA:43,1
DA:44,1
DA:45,1
DA:46,1
DA:47,1
DA:48,1
DA:49,1
DA:50,1
DA:51,1
DA:52,1
DA:53,1
DA:54,1
DA:55,1
DA:56,1
LF:56
LH:56
BRF:0
BRH:0
end_of_record
TN:
SF:test/mocks/order.zod.mock.ts
FNF:0
FNH:0
DA:1,1
DA:2,1
DA:3,1
DA:4,1
DA:5,1
DA:6,1
DA:7,1
DA:8,1
DA:9,1
DA:10,1
DA:11,1
DA:12,1
DA:13,1
DA:14,1
DA:15,1
DA:16,1
DA:17,1
DA:18,1
DA:19,1
DA:20,1
DA:21,1
DA:22,1
DA:23,1
DA:24,1
DA:25,1
DA:26,1
DA:27,1
DA:28,1
DA:29,1
DA:30,1
DA:31,1
DA:32,1
DA:33,1
DA:34,1
DA:35,1
DA:36,1
DA:37,1
DA:38,1
DA:39,1
DA:40,1
DA:41,1
DA:42,1
DA:43,1
DA:44,1
DA:45,1
DA:46,1
DA:47,1
DA:48,1
DA:49,1
DA:50,1
DA:51,1
DA:52,1
DA:53,1
DA:54,1
DA:55,1
DA:56,1
DA:57,1
DA:58,1
DA:59,1
DA:60,1
DA:61,1
DA:62,1
DA:63,1
DA:64,1
DA:65,1
LF:65
LH:65
BRF:0
BRH:0
end_of_record
